
> rest-express@1.0.0 dev
> cross-env NODE_ENV=development tsx server/index.ts

[db] Database connection initialized
[routes] All routes registered successfully
[static] Found frontend at: /home/onevochka/Рабочий стол/project/newarchCS/dist

[20:11:26] [EXPRESS] serving on port 5000
[20:11:26] [EXPRESS] 🎮 Фронтенд и Бекенд запущены на одном сервере
[20:11:26] [EXPRESS] 📍 Доступ через localhost:
[20:11:26] [EXPRESS]    [BACKEND] http://localhost:5000 (API)
[20:11:26] [EXPRESS]    [FRONTEND] http://localhost:5000 (Web UI)
[20:11:26] [EXPRESS] 📍 Доступ через локальную сеть:
[20:11:26] [EXPRESS]    [BACKEND] http://192.168.2.174:5000 (API)
[20:11:26] [EXPRESS]    [FRONTEND] http://192.168.2.174:5000 (Web UI)
[20:11:26] [EXPRESS]    [BACKEND] http://172.18.0.1:5000 (API)
[20:11:26] [EXPRESS]    [FRONTEND] http://172.18.0.1:5000 (Web UI)
[20:11:32] PUT /api/progress 401 4ms
[20:12:09] POST /api/auth/register 201 162ms
[20:12:16] POST /api/auth/login 200 89ms
[20:12:27] GET /api/auth/me 200 8ms
[20:12:30] GET / 200 4ms
[20:12:30] GET /assets/index-D4j7Nngn.css 200 7ms
[20:12:30] GET /assets/index-DUnt2gcd.js 200 10ms
[20:12:30] GET /api/auth/me 401 0ms
[20:12:30] GET /api/auth/me 401 2ms
[20:12:32] PUT /api/progress 401 1ms
[20:12:59] POST /api/auth/register 201 156ms
[20:12:59] POST /api/auth/register 201 100ms
[20:12:59] POST /api/auth/register 201 90ms
[20:12:59] POST /api/auth/register 201 132ms
[20:13:32] PUT /api/progress 401 1ms
[20:13:46] POST /api/auth/register 201 91ms
[20:13:46] GET /api/progress 401 0ms
[20:13:48] PUT /api/progress 401 0ms
[20:13:48] GET /sounds/hit.mp3 206 4ms
[20:13:48] GET /sounds/background.mp3 206 7ms
[20:13:48] GET /sounds/success.mp3 206 2ms
[20:13:48] GET /sounds/hit.mp3 304 1ms
[20:13:57] PUT /api/progress 401 0ms
[20:14:00] POST /api/auth/logout 200 1ms
[20:14:00] GET /api/auth/me 401 0ms
[20:14:32] PUT /api/progress 401 1ms
[20:14:56] POST /api/auth/register 201 102ms
[20:14:56] GET /api/progress 401 1ms
[20:14:58] PUT /api/progress 401 1ms
[20:15:26] PUT /api/progress 401 0ms
[20:15:32] PUT /api/progress 401 1ms
[20:15:56] PUT /api/progress 401 1ms
[20:16:26] PUT /api/progress 401 1ms
[20:16:32] PUT /api/progress 401 1ms
[20:16:56] PUT /api/progress 401 0ms
[20:17:26] PUT /api/progress 401 0ms
[20:17:32] PUT /api/progress 401 1ms
