9:36:01 AM [EXPRESS] serving on port 5000
9:36:01 AM [EXPRESS] 🎮 Фронтенд и Бекенд запущены на одном сервере
9:36:01 AM [EXPRESS] 📍 Доступ через localhost:
9:36:01 AM [EXPRESS]    [BACKEND] http://localhost:5000 (API)
9:36:01 AM [EXPRESS]    [FRONTEND] http://localhost:5000 (Web UI)
9:36:01 AM [EXPRESS] 📍 Доступ через локальную сеть:
9:36:01 AM [EXPRESS]    [BACKEND] http://172.20.10.2:5000 (API)
9:36:01 AM [EXPRESS]    [FRONTEND] http://172.20.10.2:5000 (Web UI)
9:36:01 AM [EXPRESS]    [BACKEND] http://172.18.0.1:5000 (API)
9:36:01 AM [EXPRESS]    [FRONTEND] http://172.18.0.1:5000 (Web UI)
9:42:01 AM [EXPRESS] serving on port 5000
9:42:01 AM [EXPRESS] 🎮 Фронтенд и Бекенд запущены на одном сервере
9:42:01 AM [EXPRESS] 📍 Доступ через localhost:
9:42:01 AM [EXPRESS]    [BACKEND] http://localhost:5000 (API)
9:42:01 AM [EXPRESS]    [FRONTEND] http://localhost:5000 (Web UI)
9:42:01 AM [EXPRESS] 📍 Доступ через локальную сеть:
9:42:01 AM [EXPRESS]    [BACKEND] http://172.20.10.2:5000 (API)
9:42:01 AM [EXPRESS]    [FRONTEND] http://172.20.10.2:5000 (Web UI)
9:42:01 AM [EXPRESS]    [BACKEND] http://172.18.0.1:5000 (API)
9:42:01 AM [EXPRESS]    [FRONTEND] http://172.18.0.1:5000 (Web UI)
9:42:09 AM [EXPRESS] GET /api/auth/me 401 in 7ms :: {"error":"Not authenticated"}
9:42:09 AM [EXPRESS] GET /api/auth/me 401 in 1ms :: {"error":"Not authenticated"}
9:42:14 AM [EXPRESS] GET /api/auth/me 401 in 3ms :: {"error":"Not authenticated"}
9:45:17 AM [EXPRESS] GET /api/auth/me 401 in 1ms :: {"error":"Not authenticated"}
9:47:02 AM [EXPRESS] serving on port 5000
9:47:03 AM [EXPRESS] 🎮 Фронтенд и Бекенд запущены на одном сервере
9:47:03 AM [EXPRESS] 📍 Доступ через localhost:
9:47:03 AM [EXPRESS]    [BACKEND] http://localhost:5000 (API)
9:47:03 AM [EXPRESS]    [FRONTEND] http://localhost:5000 (Web UI)
9:47:03 AM [EXPRESS] 📍 Доступ через локальную сеть:
9:47:03 AM [EXPRESS]    [BACKEND] http://10.10.10.6:5000 (API)
9:47:03 AM [EXPRESS]    [FRONTEND] http://10.10.10.6:5000 (Web UI)
9:47:03 AM [EXPRESS]    [BACKEND] http://172.18.0.1:5000 (API)
9:47:03 AM [EXPRESS]    [FRONTEND] http://172.18.0.1:5000 (Web UI)
9:47:05 AM [EXPRESS] GET /api/auth/me 401 in 8ms :: {"error":"Not authenticated"}
9:47:05 AM [EXPRESS] GET /api/auth/me 401 in 1ms :: {"error":"Not authenticated"}
9:48:36 AM [EXPRESS] serving on port 5000
9:48:36 AM [EXPRESS] 🎮 Фронтенд и Бекенд запущены на одном сервере
9:48:36 AM [EXPRESS] 📍 Доступ через localhost:
9:48:36 AM [EXPRESS]    [BACKEND] http://localhost:5000 (API)
9:48:36 AM [EXPRESS]    [FRONTEND] http://localhost:5000 (Web UI)
9:48:36 AM [EXPRESS] 📍 Доступ через локальную сеть:
9:48:36 AM [EXPRESS]    [BACKEND] http://10.10.10.6:5000 (API)
9:48:36 AM [EXPRESS]    [FRONTEND] http://10.10.10.6:5000 (Web UI)
9:48:36 AM [EXPRESS]    [BACKEND] http://172.18.0.1:5000 (API)
9:48:36 AM [EXPRESS]    [FRONTEND] http://172.18.0.1:5000 (Web UI)
9:48:38 AM [EXPRESS] GET /api/auth/me 401 in 4ms :: {"error":"Not authenticated"}
9:48:38 AM [EXPRESS] GET /api/auth/me 401 in 1ms :: {"error":"Not authenticated"}
9:48:40 AM [EXPRESS] GET /api/auth/me 401 in 1ms :: {"error":"Not authenticated"}
9:48:40 AM [EXPRESS] GET /api/auth/me 401 in 1ms :: {"error":"Not authenticated"}
9:49:09 AM [EXPRESS] POST /api/auth/login 200 in 162ms :: {"id":1,"username":"admin007"}
9:49:41 AM [EXPRESS] serving on port 5000
9:49:41 AM [EXPRESS] 🎮 Фронтенд и Бекенд запущены на одном сервере
9:49:41 AM [EXPRESS] 📍 Доступ через localhost:
9:49:41 AM [EXPRESS]    [BACKEND] http://localhost:5000 (API)
9:49:41 AM [EXPRESS]    [FRONTEND] http://localhost:5000 (Web UI)
9:49:41 AM [EXPRESS] 📍 Доступ через локальную сеть:
9:49:41 AM [EXPRESS]    [BACKEND] http://10.10.10.6:5000 (API)
9:49:41 AM [EXPRESS]    [FRONTEND] http://10.10.10.6:5000 (Web UI)
9:49:41 AM [EXPRESS]    [BACKEND] http://172.18.0.1:5000 (API)
9:49:41 AM [EXPRESS]    [FRONTEND] http://172.18.0.1:5000 (Web UI)
9:49:43 AM [EXPRESS] GET /api/auth/me 401 in 6ms :: {"error":"Not authenticated"}
9:49:43 AM [EXPRESS] GET /api/auth/me 401 in 3ms :: {"error":"Not authenticated"}
9:49:43 AM [EXPRESS] GET /api/auth/me 401 in 1ms :: {"error":"Not authenticated"}
9:49:43 AM [EXPRESS] GET /api/auth/me 401 in 1ms :: {"error":"Not authenticated"}
9:49:46 AM [EXPRESS] POST /api/auth/login 200 in 165ms :: {"id":1,"username":"admin007"}
9:52:46 AM [EXPRESS] GET /api/auth/me 401 in 1ms :: {"error":"Not authenticated"}
9:52:46 AM [EXPRESS] GET /api/auth/me 401 in 1ms :: {"error":"Not authenticated"}
10:07:00 AM [EXPRESS] GET /api/auth/me 401 in 1ms :: {"error":"Not authenticated"}
10:07:00 AM [EXPRESS] GET /api/auth/me 401 in 1ms :: {"error":"Not authenticated"}
10:07:03 AM [EXPRESS] GET /api/auth/me 401 in 1ms :: {"error":"Not authenticated"}
10:07:03 AM [EXPRESS] GET /api/auth/me 401 in 1ms :: {"error":"Not authenticated"}
10:07:08 AM [EXPRESS] GET /api/auth/me 401 in 0ms :: {"error":"Not authenticated"}
10:07:08 AM [EXPRESS] GET /api/auth/me 401 in 1ms :: {"error":"Not authenticated"}
10:07:08 AM [EXPRESS] GET /api/auth/me 401 in 0ms :: {"error":"Not authenticated"}
10:07:08 AM [EXPRESS] GET /api/auth/me 401 in 1ms :: {"error":"Not authenticated"}
10:07:26 AM [EXPRESS] GET /api/auth/me 401 in 0ms :: {"error":"Not authenticated"}
10:07:26 AM [EXPRESS] GET /api/auth/me 401 in 1ms :: {"error":"Not authenticated"}
10:07:29 AM [EXPRESS] GET /api/auth/me 401 in 1ms :: {"error":"Not authenticated"}
10:07:29 AM [EXPRESS] GET /api/auth/me 401 in 0ms :: {"error":"Not authenticated"}
10:07:48 AM [EXPRESS] GET /api/auth/me 401 in 0ms :: {"error":"Not authenticated"}
10:07:49 AM [EXPRESS] GET /api/auth/me 401 in 1ms :: {"error":"Not authenticated"}
10:07:51 AM [EXPRESS] GET /api/auth/me 401 in 2ms :: {"error":"Not authenticated"}
10:07:51 AM [EXPRESS] GET /api/auth/me 401 in 1ms :: {"error":"Not authenticated"}
10:07:58 AM [EXPRESS] GET /api/auth/me 401 in 1ms :: {"error":"Not authenticated"}
10:07:58 AM [EXPRESS] GET /api/auth/me 401 in 1ms :: {"error":"Not authenticated"}
10:08:16 AM [EXPRESS] POST /api/auth/register 400 in 4ms :: {"error":"Пароль должен содержать заглавные, строчные буквы и цифры"}
10:08:33 AM [EXPRESS] POST /api/auth/register 500 in 80ms :: {"error":"Failed to register"}
10:08:34 AM [EXPRESS] POST /api/auth/register 409 in 1ms :: {"error":"User already exists"}
10:08:34 AM [EXPRESS] POST /api/auth/register 409 in 1ms :: {"error":"User already exists"}
10:08:35 AM [EXPRESS] POST /api/auth/register 409 in 1ms :: {"error":"User already exists"}
10:08:37 AM [EXPRESS] POST /api/auth/register 429 in 1ms
10:08:38 AM [EXPRESS] GET /api/auth/me 401 in 0ms :: {"error":"Not authenticated"}
10:08:38 AM [EXPRESS] GET /api/auth/me 401 in 1ms :: {"error":"Not authenticated"}
10:08:45 AM [EXPRESS] POST /api/auth/register 400 in 0ms :: {"error":"Пароль должен содержать заглавные, строчные буквы и цифры"}
10:09:05 AM [EXPRESS] GET /api/auth/me 401 in 0ms :: {"error":"Not authenticated"}
10:09:06 AM [EXPRESS] GET /api/auth/me 401 in 0ms :: {"error":"Not authenticated"}
10:09:06 AM [EXPRESS] POST /api/auth/register 400 in 1ms :: {"error":"Пароль должен содержать заглавные, строчные буквы и цифры"}
10:09:07 AM [EXPRESS] POST /api/auth/register 500 in 109ms :: {"error":"Failed to register"}
10:09:08 AM [EXPRESS] POST /api/auth/register 400 in 0ms :: {"error":"Пароль должен быть минимум 8 символов"}
10:09:15 AM [EXPRESS] GET /api/auth/me 401 in 1ms :: {"error":"Not authenticated"}
10:09:15 AM [EXPRESS] GET /api/auth/me 401 in 0ms :: {"error":"Not authenticated"}
10:09:16 AM [EXPRESS] POST /api/auth/register 500 in 100ms :: {"error":"Failed to register"}
10:09:20 AM [EXPRESS] POST /api/auth/register 400 in 0ms :: {"error":"Пароль должен быть минимум 8 символов"}
10:09:21 AM [EXPRESS] POST /api/auth/register 400 in 0ms :: {"error":"Пароль должен быть минимум 8 символов"}
10:09:26 AM [EXPRESS] POST /api/auth/register 400 in 1ms :: {"error":"Пароль должен содержать заглавные, строчные буквы и цифры"}
10:09:30 AM [EXPRESS] POST /api/auth/register 400 in 1ms :: {"error":"Имя пользователя может содержать только буквы, цифры, _ и -"}
10:09:32 AM [EXPRESS] POST /api/auth/register 409 in 1ms :: {"error":"User already exists"}
10:09:34 AM [EXPRESS] POST /api/auth/register 400 in 1ms :: {"error":"Пароль должен содержать заглавные, строчные буквы и цифры"}
10:09:36 AM [EXPRESS] POST /api/auth/register 409 in 1ms :: {"error":"User already exists"}
10:09:37 AM [EXPRESS] POST /api/auth/register 400 in 1ms :: {"error":"Имя пользователя может содержать только буквы, цифры, _ и -"}
10:09:39 AM [EXPRESS] POST /api/auth/register 400 in 1ms :: {"error":"Пароль должен быть минимум 8 символов"}
10:09:40 AM [EXPRESS] POST /api/auth/register 500 in 73ms :: {"error":"Failed to register"}
10:09:41 AM [EXPRESS] POST /api/auth/register 400 in 0ms :: {"error":"Пароль должен содержать заглавные, строчные буквы и цифры"}
10:09:44 AM [EXPRESS] POST /api/auth/register 429 in 1ms
10:09:47 AM [EXPRESS] POST /api/auth/register 429 in 1ms
10:09:49 AM [EXPRESS] POST /api/auth/register 400 in 1ms :: {"error":"Имя пользователя может содержать только буквы, цифры, _ и -"}
10:09:49 AM [EXPRESS] POST /api/auth/register 400 in 0ms :: {"error":"Пароль должен содержать заглавные, строчные буквы и цифры"}
10:09:50 AM [EXPRESS] POST /api/auth/register 400 in 1ms :: {"error":"Пароль должен содержать заглавные, строчные буквы и цифры"}
10:09:54 AM [EXPRESS] POST /api/auth/login 200 in 65ms :: {"id":4,"username":"Shopin_Sholin"}
10:09:58 AM [EXPRESS] POST /api/auth/register 500 in 107ms :: {"error":"Failed to register"}
10:10:01 AM [EXPRESS] POST /api/auth/register 400 in 1ms :: {"error":"Пароль должен содержать заглавные, строчные буквы и цифры"}
10:10:02 AM [EXPRESS] POST /api/auth/register 429 in 0ms
10:10:03 AM [EXPRESS] POST /api/auth/register 409 in 1ms :: {"error":"User already exists"}
10:10:03 AM [EXPRESS] POST /api/auth/register 429 in 1ms
10:10:04 AM [EXPRESS] POST /api/auth/register 429 in 1ms
10:10:04 AM [EXPRESS] POST /api/auth/register 429 in 1ms
10:10:04 AM [EXPRESS] POST /api/auth/register 429 in 0ms
10:10:04 AM [EXPRESS] POST /api/auth/register 429 in 0ms
10:10:05 AM [EXPRESS] POST /api/auth/login 429 in 0ms
10:10:10 AM [EXPRESS] POST /api/auth/register 400 in 0ms :: {"error":"Имя пользователя может содержать только буквы, цифры, _ и -"}
10:10:11 AM [EXPRESS] POST /api/auth/register 400 in 0ms :: {"error":"Имя пользователя может содержать только буквы, цифры, _ и -"}
10:10:14 AM [EXPRESS] POST /api/auth/register 429 in 1ms
10:10:15 AM [EXPRESS] POST /api/auth/register 429 in 0ms
10:10:16 AM [EXPRESS] POST /api/auth/register 400 in 0ms :: {"error":"Имя пользователя может содержать только буквы, цифры, _ и -"}
10:10:18 AM [EXPRESS] POST /api/auth/register 500 in 106ms :: {"error":"Failed to register"}
10:10:20 AM [EXPRESS] GET /api/auth/me 401 in 0ms :: {"error":"Not authenticated"}
10:10:20 AM [EXPRESS] POST /api/auth/register 400 in 0ms :: {"error":"Пароль должен содержать заглавные, строчные буквы и цифры"}
10:10:20 AM [EXPRESS] GET /api/auth/me 401 in 1ms :: {"error":"Not authenticated"}
10:10:24 AM [EXPRESS] POST /api/auth/register 409 in 1ms :: {"error":"User already exists"}
10:10:27 AM [EXPRESS] POST /api/auth/register 400 in 0ms :: {"error":"Пароль должен содержать заглавные, строчные буквы и цифры"}
10:10:31 AM [EXPRESS] GET /api/auth/me 401 in 0ms :: {"error":"Not authenticated"}
10:10:31 AM [EXPRESS] GET /api/auth/me 401 in 1ms :: {"error":"Not authenticated"}
10:10:33 AM [EXPRESS] POST /api/auth/register 409 in 1ms :: {"error":"User already exists"}
10:10:33 AM [EXPRESS] POST /api/auth/register 429 in 0ms
10:10:33 AM [EXPRESS] POST /api/auth/register 429 in 0ms
10:10:33 AM [EXPRESS] POST /api/auth/register 429 in 0ms
10:10:35 AM [EXPRESS] POST /api/auth/register 429 in 1ms
10:10:35 AM [EXPRESS] POST /api/auth/register 429 in 0ms
10:10:38 AM [EXPRESS] POST /api/auth/register 400 in 1ms :: {"error":"Имя пользователя может содержать только буквы, цифры, _ и -"}
10:10:40 AM [EXPRESS] POST /api/auth/login 429 in 1ms
10:10:41 AM [EXPRESS] POST /api/auth/register 429 in 0ms
10:10:42 AM [EXPRESS] POST /api/auth/register 429 in 1ms
10:10:44 AM [EXPRESS] POST /api/auth/register 400 in 0ms :: {"error":"Пароль должен содержать заглавные, строчные буквы и цифры"}
10:10:50 AM [EXPRESS] POST /api/auth/register 429 in 1ms
10:10:50 AM [EXPRESS] POST /api/auth/register 429 in 0ms
10:10:51 AM [EXPRESS] POST /api/auth/register 429 in 1ms
10:10:54 AM [EXPRESS] POST /api/auth/register 500 in 72ms :: {"error":"Failed to register"}
10:10:54 AM [EXPRESS] POST /api/auth/register 400 in 0ms :: {"error":"Пароль должен быть минимум 8 символов"}
10:10:56 AM [EXPRESS] POST /api/auth/register 409 in 1ms :: {"error":"User already exists"}
10:10:56 AM [EXPRESS] POST /api/auth/register 409 in 1ms :: {"error":"User already exists"}
10:11:02 AM [EXPRESS] POST /api/auth/register 400 in 1ms :: {"error":"Пароль должен содержать заглавные, строчные буквы и цифры"}
10:11:06 AM [EXPRESS] GET /api/auth/me 401 in 0ms :: {"error":"Not authenticated"}
10:11:06 AM [EXPRESS] GET /api/auth/me 401 in 1ms :: {"error":"Not authenticated"}
10:11:16 AM [EXPRESS] POST /api/auth/register 429 in 1ms
10:11:17 AM [EXPRESS] POST /api/auth/register 429 in 1ms
10:11:17 AM [EXPRESS] POST /api/auth/register 429 in 1ms
10:11:18 AM [EXPRESS] POST /api/auth/register 429 in 1ms
10:11:18 AM [EXPRESS] POST /api/auth/register 429 in 0ms
10:11:18 AM [EXPRESS] POST /api/auth/register 400 in 1ms :: {"error":"Пароль должен содержать заглавные, строчные буквы и цифры"}
10:11:18 AM [EXPRESS] POST /api/auth/register 429 in 1ms
10:11:18 AM [EXPRESS] POST /api/auth/register 429 in 0ms
10:11:19 AM [EXPRESS] POST /api/auth/register 429 in 0ms
10:11:20 AM [EXPRESS] POST /api/auth/register 429 in 1ms
10:11:25 AM [EXPRESS] POST /api/auth/register 429 in 0ms
10:11:40 AM [EXPRESS] POST /api/auth/login 200 in 65ms :: {"id":7,"username":"Hermes_512"}
10:11:42 AM [EXPRESS] POST /api/auth/login 429 in 1ms
10:11:45 AM [EXPRESS] POST /api/auth/register 429 in 0ms
10:11:46 AM [EXPRESS] POST /api/auth/register 429 in 0ms
10:11:47 AM [EXPRESS] GET /api/auth/me 401 in 1ms :: {"error":"Not authenticated"}
10:11:47 AM [EXPRESS] GET /api/auth/me 401 in 1ms :: {"error":"Not authenticated"}
10:11:50 AM [EXPRESS] POST /api/auth/register 429 in 1ms
10:11:53 AM [EXPRESS] POST /api/auth/login 429 in 1ms
10:12:00 AM [EXPRESS] GET /api/auth/me 401 in 1ms :: {"error":"Not authenticated"}
10:12:00 AM [EXPRESS] GET /api/auth/me 401 in 0ms :: {"error":"Not authenticated"}
10:12:12 AM [EXPRESS] POST /api/auth/register 400 in 1ms :: {"error":"Имя пользователя может содержать только буквы, цифры, _ и -"}
10:12:16 AM [EXPRESS] POST /api/auth/register 429 in 1ms
10:12:16 AM [EXPRESS] POST /api/auth/register 429 in 0ms
10:12:17 AM [EXPRESS] POST /api/auth/register 409 in 0ms :: {"error":"User already exists"}
10:12:18 AM [EXPRESS] POST /api/auth/register 429 in 0ms
10:12:23 AM [EXPRESS] POST /api/auth/login 429 in 1ms
10:12:24 AM [EXPRESS] POST /api/auth/login 429 in 0ms
10:12:27 AM [EXPRESS] POST /api/auth/register 429 in 1ms
10:12:34 AM [EXPRESS] POST /api/auth/login 429 in 0ms
10:12:35 AM [EXPRESS] POST /api/auth/login 429 in 0ms
10:12:35 AM [EXPRESS] POST /api/auth/login 429 in 0ms
10:12:36 AM [EXPRESS] POST /api/auth/login 429 in 1ms
10:12:36 AM [EXPRESS] POST /api/auth/login 429 in 0ms
10:12:36 AM [EXPRESS] POST /api/auth/login 429 in 1ms
10:12:39 AM [EXPRESS] POST /api/auth/login 429 in 0ms
10:12:40 AM [EXPRESS] POST /api/auth/register 429 in 0ms
10:12:44 AM [EXPRESS] POST /api/auth/register 400 in 0ms :: {"error":"Пароль должен содержать заглавные, строчные буквы и цифры"}
10:12:44 AM [EXPRESS] POST /api/auth/login 429 in 1ms
10:12:45 AM [EXPRESS] POST /api/auth/login 429 in 1ms
10:12:47 AM [EXPRESS] POST /api/auth/register 429 in 0ms
10:12:49 AM [EXPRESS] POST /api/auth/login 429 in 1ms
10:12:51 AM [EXPRESS] POST /api/auth/login 429 in 1ms
10:12:51 AM [EXPRESS] POST /api/auth/login 429 in 0ms
10:12:51 AM [EXPRESS] POST /api/auth/login 429 in 1ms
10:12:55 AM [EXPRESS] POST /api/auth/register 429 in 1ms
10:12:56 AM [EXPRESS] POST /api/auth/register 429 in 1ms
10:12:56 AM [EXPRESS] POST /api/auth/register 429 in 0ms
10:12:56 AM [EXPRESS] POST /api/auth/register 429 in 0ms
10:12:57 AM [EXPRESS] POST /api/auth/register 429 in 0ms
10:12:57 AM [EXPRESS] POST /api/auth/register 429 in 1ms
10:12:57 AM [EXPRESS] POST /api/auth/register 429 in 0ms
10:12:57 AM [EXPRESS] POST /api/auth/register 429 in 1ms
10:12:58 AM [EXPRESS] POST /api/auth/register 429 in 0ms
10:12:58 AM [EXPRESS] POST /api/auth/register 429 in 1ms
10:13:01 AM [EXPRESS] POST /api/auth/register 429 in 0ms
10:13:04 AM [EXPRESS] GET /api/auth/me 401 in 1ms :: {"error":"Not authenticated"}
10:13:04 AM [EXPRESS] GET /api/auth/me 401 in 0ms :: {"error":"Not authenticated"}
10:13:09 AM [EXPRESS] POST /api/auth/register 429 in 1ms
10:13:16 AM [EXPRESS] POST /api/auth/login 429 in 0ms
10:13:17 AM [EXPRESS] POST /api/auth/register 429 in 0ms
10:13:17 AM [EXPRESS] POST /api/auth/login 429 in 0ms
10:13:17 AM [EXPRESS] POST /api/auth/login 429 in 0ms
10:13:18 AM [EXPRESS] POST /api/auth/login 429 in 1ms
10:13:18 AM [EXPRESS] POST /api/auth/login 429 in 1ms
10:13:18 AM [EXPRESS] POST /api/auth/register 429 in 0ms
10:13:19 AM [EXPRESS] POST /api/auth/register 429 in 0ms
10:13:20 AM [EXPRESS] POST /api/auth/register 429 in 0ms
10:13:20 AM [EXPRESS] POST /api/auth/register 429 in 0ms
10:13:22 AM [EXPRESS] POST /api/auth/register 429 in 0ms
10:13:29 AM [EXPRESS] POST /api/auth/login 429 in 1ms
10:13:30 AM [EXPRESS] POST /api/auth/login 429 in 0ms
10:13:32 AM [EXPRESS] POST /api/auth/login 429 in 1ms
10:13:34 AM [EXPRESS] POST /api/auth/login 401 in 1ms :: {"error":"Invalid credentials"}
10:13:34 AM [EXPRESS] POST /api/auth/register 400 in 0ms :: {"error":"Имя пользователя может содержать только буквы, цифры, _ и -"}
10:13:35 AM [EXPRESS] POST /api/auth/register 429 in 0ms
10:13:36 AM [EXPRESS] POST /api/auth/login 429 in 1ms
10:13:40 AM [EXPRESS] POST /api/auth/login 429 in 0ms
10:13:41 AM [EXPRESS] POST /api/auth/register 400 in 0ms :: {"error":"Пароль должен содержать заглавные, строчные буквы и цифры"}
10:13:42 AM [EXPRESS] POST /api/auth/register 429 in 0ms
10:13:43 AM [EXPRESS] POST /api/auth/register 429 in 1ms
10:13:43 AM [EXPRESS] POST /api/auth/register 429 in 1ms
10:13:44 AM [EXPRESS] POST /api/auth/login 429 in 1ms
10:13:45 AM [EXPRESS] POST /api/auth/register 400 in 1ms :: {"error":"Пароль должен содержать заглавные, строчные буквы и цифры"}
10:13:46 AM [EXPRESS] POST /api/auth/login 429 in 0ms
10:13:47 AM [EXPRESS] POST /api/auth/login 429 in 1ms
10:13:47 AM [EXPRESS] POST /api/auth/login 429 in 0ms
10:13:50 AM [EXPRESS] POST /api/auth/login 429 in 0ms
10:13:57 AM [EXPRESS] POST /api/auth/register 429 in 1ms
10:13:58 AM [EXPRESS] POST /api/auth/register 429 in 1ms
10:13:58 AM [EXPRESS] POST /api/auth/register 429 in 1ms
10:13:59 AM [EXPRESS] POST /api/auth/register 429 in 0ms
10:13:59 AM [EXPRESS] POST /api/auth/register 429 in 0ms
10:13:59 AM [EXPRESS] POST /api/auth/register 429 in 1ms
10:14:00 AM [EXPRESS] POST /api/auth/register 429 in 0ms
10:14:02 AM [EXPRESS] POST /api/auth/register 429 in 0ms
10:14:02 AM [EXPRESS] POST /api/auth/login 429 in 1ms
10:14:03 AM [EXPRESS] POST /api/auth/register 429 in 1ms
10:14:03 AM [EXPRESS] POST /api/auth/register 429 in 1ms
10:14:04 AM [EXPRESS] POST /api/auth/register 429 in 1ms
10:14:04 AM [EXPRESS] POST /api/auth/register 429 in 1ms
10:14:06 AM [EXPRESS] POST /api/auth/register 429 in 0ms
10:14:06 AM [EXPRESS] POST /api/auth/register 400 in 1ms :: {"error":"Пароль должен содержать заглавные, строчные буквы и цифры"}
10:14:07 AM [EXPRESS] POST /api/auth/register 429 in 1ms
10:14:13 AM [EXPRESS] POST /api/auth/login 429 in 0ms
10:14:13 AM [EXPRESS] POST /api/auth/login 429 in 1ms
10:14:14 AM [EXPRESS] POST /api/auth/login 429 in 0ms
10:14:14 AM [EXPRESS] POST /api/auth/login 429 in 0ms
10:14:14 AM [EXPRESS] POST /api/auth/login 429 in 1ms
10:14:15 AM [EXPRESS] POST /api/auth/login 429 in 0ms
10:14:15 AM [EXPRESS] POST /api/auth/login 429 in 0ms
10:14:15 AM [EXPRESS] POST /api/auth/login 429 in 1ms
10:14:15 AM [EXPRESS] POST /api/auth/login 429 in 1ms
10:14:16 AM [EXPRESS] POST /api/auth/login 429 in 0ms
10:14:16 AM [EXPRESS] POST /api/auth/login 429 in 1ms
10:14:16 AM [EXPRESS] POST /api/auth/login 429 in 0ms
10:14:16 AM [EXPRESS] POST /api/auth/login 429 in 0ms
10:14:17 AM [EXPRESS] POST /api/auth/login 429 in 0ms
10:14:17 AM [EXPRESS] POST /api/auth/login 429 in 1ms
10:14:20 AM [EXPRESS] POST /api/auth/register 429 in 1ms
10:14:20 AM [EXPRESS] POST /api/auth/register 429 in 1ms
10:14:21 AM [EXPRESS] POST /api/auth/register 400 in 1ms :: {"error":"Пароль должен содержать заглавные, строчные буквы и цифры"}
10:14:21 AM [EXPRESS] POST /api/auth/register 429 in 0ms
10:14:21 AM [EXPRESS] POST /api/auth/register 429 in 0ms
10:14:22 AM [EXPRESS] POST /api/auth/register 429 in 0ms
10:14:23 AM [EXPRESS] POST /api/auth/register 400 in 1ms :: {"error":"Имя пользователя может содержать только буквы, цифры, _ и -"}
10:14:25 AM [EXPRESS] POST /api/auth/login 429 in 0ms
10:14:25 AM [EXPRESS] POST /api/auth/register 429 in 1ms
10:14:25 AM [EXPRESS] POST /api/auth/login 429 in 0ms
10:14:26 AM [EXPRESS] POST /api/auth/register 400 in 1ms :: {"error":"Пароль должен содержать заглавные, строчные буквы и цифры"}
10:14:26 AM [EXPRESS] POST /api/auth/register 429 in 1ms
10:14:26 AM [EXPRESS] POST /api/auth/register 429 in 0ms
10:14:27 AM [EXPRESS] POST /api/auth/login 429 in 0ms
10:14:27 AM [EXPRESS] POST /api/auth/login 429 in 0ms
10:14:27 AM [EXPRESS] POST /api/auth/register 429 in 1ms
10:14:28 AM [EXPRESS] POST /api/auth/login 429 in 1ms
10:14:28 AM [EXPRESS] POST /api/auth/login 429 in 1ms
10:14:29 AM [EXPRESS] POST /api/auth/login 429 in 1ms
10:14:29 AM [EXPRESS] POST /api/auth/login 429 in 1ms
10:14:30 AM [EXPRESS] POST /api/auth/login 429 in 0ms
10:14:30 AM [EXPRESS] POST /api/auth/login 429 in 0ms
10:14:30 AM [EXPRESS] POST /api/auth/login 429 in 1ms
10:14:31 AM [EXPRESS] POST /api/auth/login 429 in 0ms
10:14:31 AM [EXPRESS] POST /api/auth/login 429 in 1ms
10:14:31 AM [EXPRESS] POST /api/auth/login 429 in 0ms
10:14:32 AM [EXPRESS] POST /api/auth/login 429 in 1ms
10:14:32 AM [EXPRESS] POST /api/auth/login 429 in 0ms
10:14:32 AM [EXPRESS] POST /api/auth/login 429 in 0ms
10:14:32 AM [EXPRESS] POST /api/auth/login 429 in 0ms
10:14:33 AM [EXPRESS] POST /api/auth/login 429 in 0ms
10:14:33 AM [EXPRESS] POST /api/auth/login 429 in 1ms
10:14:33 AM [EXPRESS] POST /api/auth/login 429 in 0ms
10:14:33 AM [EXPRESS] POST /api/auth/login 429 in 0ms
10:14:33 AM [EXPRESS] POST /api/auth/login 429 in 1ms
10:14:33 AM [EXPRESS] POST /api/auth/login 429 in 0ms
10:14:34 AM [EXPRESS] POST /api/auth/login 429 in 1ms
10:14:34 AM [EXPRESS] POST /api/auth/login 429 in 1ms
10:14:34 AM [EXPRESS] POST /api/auth/login 429 in 0ms
10:14:34 AM [EXPRESS] POST /api/auth/login 429 in 0ms
10:14:34 AM [EXPRESS] POST /api/auth/login 429 in 0ms
10:14:34 AM [EXPRESS] POST /api/auth/login 429 in 1ms
10:14:36 AM [EXPRESS] POST /api/auth/register 429 in 0ms
10:14:37 AM [EXPRESS] POST /api/auth/register 429 in 1ms
10:14:37 AM [EXPRESS] POST /api/auth/register 429 in 1ms
10:14:37 AM [EXPRESS] POST /api/auth/register 429 in 0ms
10:14:37 AM [EXPRESS] POST /api/auth/register 429 in 1ms
10:14:38 AM [EXPRESS] POST /api/auth/register 429 in 1ms
10:14:38 AM [EXPRESS] POST /api/auth/register 429 in 1ms
10:14:38 AM [EXPRESS] POST /api/auth/register 429 in 0ms
10:14:39 AM [EXPRESS] POST /api/auth/register 429 in 0ms
10:14:39 AM [EXPRESS] POST /api/auth/register 429 in 0ms
10:14:40 AM [EXPRESS] POST /api/auth/register 429 in 0ms
10:14:42 AM [EXPRESS] POST /api/auth/register 429 in 1ms
10:14:43 AM [EXPRESS] POST /api/auth/register 400 in 1ms :: {"error":"Пароль должен содержать заглавные, строчные буквы и цифры"}
10:14:56 AM [EXPRESS] POST /api/auth/register 400 in 0ms :: {"error":"Имя пользователя может содержать только буквы, цифры, _ и -"}
10:14:56 AM [EXPRESS] POST /api/auth/register 429 in 1ms
10:14:57 AM [EXPRESS] POST /api/auth/register 429 in 1ms
10:14:57 AM [EXPRESS] POST /api/auth/register 429 in 1ms
10:14:57 AM [EXPRESS] POST /api/auth/register 429 in 0ms
10:14:58 AM [EXPRESS] POST /api/auth/register 429 in 1ms
10:14:58 AM [EXPRESS] POST /api/auth/register 429 in 0ms
10:14:58 AM [EXPRESS] POST /api/auth/register 429 in 1ms
10:14:58 AM [EXPRESS] POST /api/auth/register 429 in 1ms
10:14:59 AM [EXPRESS] POST /api/auth/register 429 in 1ms
10:14:59 AM [EXPRESS] POST /api/auth/register 429 in 0ms
10:14:59 AM [EXPRESS] POST /api/auth/register 429 in 0ms
10:15:00 AM [EXPRESS] POST /api/auth/register 429 in 0ms
10:15:00 AM [EXPRESS] POST /api/auth/register 429 in 0ms
10:15:00 AM [EXPRESS] POST /api/auth/register 429 in 0ms
10:15:02 AM [EXPRESS] POST /api/auth/register 429 in 1ms
10:15:07 AM [EXPRESS] POST /api/auth/register 429 in 1ms
10:15:08 AM [EXPRESS] POST /api/auth/register 400 in 1ms :: {"error":"Имя пользователя может содержать только буквы, цифры, _ и -"}
10:15:09 AM [EXPRESS] POST /api/auth/register 500 in 109ms :: {"error":"Failed to register"}
10:15:09 AM [EXPRESS] POST /api/auth/register 400 in 1ms :: {"error":"Имя пользователя может содержать только буквы, цифры, _ и -"}
10:15:09 AM [EXPRESS] POST /api/auth/register 429 in 0ms
10:15:10 AM [EXPRESS] POST /api/auth/register 429 in 1ms
10:15:12 AM [EXPRESS] POST /api/auth/login 429 in 1ms
10:15:13 AM [EXPRESS] POST /api/auth/login 429 in 0ms
10:15:15 AM [EXPRESS] POST /api/auth/login 429 in 1ms
10:15:17 AM [EXPRESS] POST /api/auth/login 429 in 0ms
10:15:17 AM [EXPRESS] POST /api/auth/register 429 in 1ms
10:15:18 AM [EXPRESS] POST /api/auth/login 200 in 68ms :: {"id":1,"username":"admin007"}
10:15:21 AM [EXPRESS] POST /api/auth/login 429 in 1ms
10:15:38 AM [EXPRESS] POST /api/auth/login 200 in 68ms :: {"id":9,"username":"PYHOVIK"}
10:15:39 AM [EXPRESS] POST /api/auth/register 400 in 1ms :: {"error":"Пароль должен быть минимум 8 символов"}
10:15:44 AM [EXPRESS] POST /api/auth/register 429 in 0ms
10:15:47 AM [EXPRESS] POST /api/auth/login 429 in 0ms
10:15:48 AM [EXPRESS] POST /api/auth/login 429 in 0ms
10:15:49 AM [EXPRESS] POST /api/auth/login 429 in 1ms
10:15:49 AM [EXPRESS] POST /api/auth/login 429 in 1ms
10:15:49 AM [EXPRESS] POST /api/auth/login 429 in 0ms
10:15:51 AM [EXPRESS] POST /api/auth/login 429 in 1ms
10:15:52 AM [EXPRESS] POST /api/auth/login 429 in 0ms
10:15:53 AM [EXPRESS] POST /api/auth/login 429 in 0ms
10:15:54 AM [EXPRESS] POST /api/auth/login 429 in 0ms
10:15:54 AM [EXPRESS] POST /api/auth/register 400 in 2ms :: {"error":"Пароль должен быть минимум 8 символов"}
10:15:55 AM [EXPRESS] POST /api/auth/login 429 in 1ms
10:15:55 AM [EXPRESS] POST /api/auth/login 429 in 0ms
10:15:55 AM [EXPRESS] POST /api/auth/login 429 in 1ms
10:15:56 AM [EXPRESS] POST /api/auth/login 429 in 1ms
10:15:56 AM [EXPRESS] POST /api/auth/login 429 in 1ms
10:15:56 AM [EXPRESS] POST /api/auth/login 429 in 0ms
10:15:57 AM [EXPRESS] POST /api/auth/login 429 in 0ms
10:15:58 AM [EXPRESS] POST /api/auth/login 429 in 1ms
10:15:58 AM [EXPRESS] POST /api/auth/register 500 in 78ms :: {"error":"Failed to register"}
10:16:00 AM [EXPRESS] POST /api/auth/register 429 in 0ms
10:16:00 AM [EXPRESS] POST /api/auth/register 429 in 1ms
10:16:01 AM [EXPRESS] POST /api/auth/register 429 in 0ms
10:16:01 AM [EXPRESS] POST /api/auth/register 429 in 0ms
10:16:01 AM [EXPRESS] POST /api/auth/register 429 in 1ms
10:16:01 AM [EXPRESS] POST /api/auth/register 429 in 0ms
10:16:02 AM [EXPRESS] POST /api/auth/register 429 in 0ms
10:16:02 AM [EXPRESS] POST /api/auth/register 429 in 0ms
10:16:05 AM [EXPRESS] POST /api/auth/login 429 in 1ms
10:16:06 AM [EXPRESS] POST /api/auth/login 429 in 0ms
10:16:06 AM [EXPRESS] POST /api/auth/login 429 in 0ms
10:16:06 AM [EXPRESS] POST /api/auth/login 429 in 0ms
10:16:06 AM [EXPRESS] POST /api/auth/login 429 in 1ms
10:16:07 AM [EXPRESS] POST /api/auth/login 429 in 1ms
10:16:07 AM [EXPRESS] POST /api/auth/login 429 in 0ms
10:16:12 AM [EXPRESS] POST /api/auth/register 409 in 1ms :: {"error":"User already exists"}
10:16:13 AM [EXPRESS] POST /api/auth/register 429 in 1ms
10:16:18 AM [EXPRESS] POST /api/auth/register 429 in 0ms
10:16:19 AM [EXPRESS] POST /api/auth/register 429 in 1ms
10:16:19 AM [EXPRESS] POST /api/auth/register 429 in 1ms
10:16:19 AM [EXPRESS] POST /api/auth/register 429 in 1ms
10:16:19 AM [EXPRESS] POST /api/auth/register 429 in 1ms
10:16:20 AM [EXPRESS] POST /api/auth/register 429 in 0ms
10:16:20 AM [EXPRESS] POST /api/auth/register 429 in 2ms
10:16:20 AM [EXPRESS] POST /api/auth/register 429 in 0ms
10:16:21 AM [EXPRESS] POST /api/auth/register 429 in 1ms
10:16:23 AM [EXPRESS] POST /api/auth/register 429 in 1ms
10:16:26 AM [EXPRESS] POST /api/auth/register 429 in 0ms
10:16:30 AM [EXPRESS] POST /api/auth/register 429 in 1ms
10:16:31 AM [EXPRESS] GET /api/auth/me 401 in 1ms :: {"error":"Not authenticated"}
10:16:31 AM [EXPRESS] GET /api/auth/me 401 in 0ms :: {"error":"Not authenticated"}
10:16:32 AM [EXPRESS] POST /api/auth/login 429 in 1ms
10:16:32 AM [EXPRESS] POST /api/auth/register 400 in 1ms :: {"error":"Имя пользователя может содержать только буквы, цифры, _ и -"}
10:16:33 AM [EXPRESS] POST /api/auth/login 200 in 69ms :: {"id":10,"username":"Serri"}
10:16:41 AM [EXPRESS] POST /api/auth/login 429 in 0ms
10:16:42 AM [EXPRESS] POST /api/auth/login 429 in 1ms
10:16:47 AM [EXPRESS] POST /api/auth/register 429 in 1ms
10:16:48 AM [EXPRESS] POST /api/auth/register 429 in 1ms
10:16:49 AM [EXPRESS] POST /api/auth/register 429 in 1ms
10:16:49 AM [EXPRESS] POST /api/auth/register 429 in 0ms
10:16:49 AM [EXPRESS] POST /api/auth/register 429 in 0ms
10:16:49 AM [EXPRESS] POST /api/auth/register 429 in 0ms
10:16:49 AM [EXPRESS] POST /api/auth/register 429 in 1ms
10:16:50 AM [EXPRESS] POST /api/auth/register 429 in 0ms
10:16:50 AM [EXPRESS] POST /api/auth/register 429 in 1ms
10:16:50 AM [EXPRESS] POST /api/auth/register 429 in 0ms
10:16:50 AM [EXPRESS] POST /api/auth/register 429 in 1ms
10:16:50 AM [EXPRESS] POST /api/auth/register 429 in 0ms
10:16:51 AM [EXPRESS] POST /api/auth/register 429 in 0ms
10:16:52 AM [EXPRESS] POST /api/auth/register 429 in 0ms
10:16:56 AM [EXPRESS] POST /api/auth/login 429 in 0ms
10:17:00 AM [EXPRESS] POST /api/auth/login 429 in 0ms
10:17:01 AM [EXPRESS] POST /api/auth/login 429 in 0ms
10:17:02 AM [EXPRESS] POST /api/auth/register 400 in 0ms :: {"error":"Имя пользователя может содержать только буквы, цифры, _ и -"}
10:17:03 AM [EXPRESS] GET /api/auth/me 401 in 1ms :: {"error":"Not authenticated"}
10:17:03 AM [EXPRESS] GET /api/auth/me 401 in 0ms :: {"error":"Not authenticated"}
10:17:04 AM [EXPRESS] POST /api/auth/login 429 in 1ms
10:17:06 AM [EXPRESS] POST /api/auth/register 429 in 1ms
10:17:07 AM [EXPRESS] POST /api/auth/register 429 in 1ms
10:17:12 AM [EXPRESS] POST /api/auth/login 429 in 1ms
10:17:14 AM [EXPRESS] POST /api/auth/register 429 in 1ms
10:17:19 AM [EXPRESS] POST /api/auth/login 429 in 0ms
10:17:20 AM [EXPRESS] POST /api/auth/register 400 in 1ms :: {"error":"Пароль должен содержать заглавные, строчные буквы и цифры"}
10:17:22 AM [EXPRESS] POST /api/auth/register 409 in 1ms :: {"error":"User already exists"}
10:17:24 AM [EXPRESS] GET /api/leaderboard 200 in 1ms :: []
10:17:31 AM [EXPRESS] POST /api/auth/register 429 in 0ms
10:17:34 AM [EXPRESS] POST /api/auth/login 401 in 69ms :: {"error":"Invalid credentials"}
10:17:40 AM [EXPRESS] POST /api/auth/login 429 in 1ms
10:17:40 AM [EXPRESS] POST /api/auth/login 429 in 1ms
10:17:41 AM [EXPRESS] POST /api/auth/login 429 in 0ms
10:17:43 AM [EXPRESS] POST /api/auth/login 401 in 71ms :: {"error":"Invalid credentials"}
10:17:49 AM [EXPRESS] POST /api/auth/register 429 in 0ms
10:17:55 AM [EXPRESS] POST /api/auth/register 400 in 0ms :: {"error":"Пароль должен быть минимум 8 символов"}
10:17:56 AM [EXPRESS] POST /api/auth/register 400 in 1ms :: {"error":"Пароль должен быть минимум 8 символов"}
10:17:56 AM [EXPRESS] POST /api/auth/login 429 in 0ms
10:17:56 AM [EXPRESS] POST /api/auth/register 429 in 0ms
10:17:58 AM [EXPRESS] POST /api/auth/login 429 in 0ms
10:17:59 AM [EXPRESS] POST /api/auth/register 409 in 1ms :: {"error":"User already exists"}
10:18:02 AM [EXPRESS] POST /api/auth/register 429 in 1ms
10:18:04 AM [EXPRESS] POST /api/auth/register 429 in 0ms
10:18:04 AM [EXPRESS] POST /api/auth/register 429 in 0ms
10:18:04 AM [EXPRESS] POST /api/auth/register 429 in 1ms
10:18:05 AM [EXPRESS] POST /api/auth/register 429 in 1ms
10:18:06 AM [EXPRESS] POST /api/auth/register 429 in 0ms
10:18:06 AM [EXPRESS] POST /api/auth/register 429 in 0ms
10:18:07 AM [EXPRESS] POST /api/auth/register 429 in 0ms
10:18:08 AM [EXPRESS] POST /api/auth/register 429 in 1ms
10:18:08 AM [EXPRESS] POST /api/auth/register 429 in 1ms
10:18:09 AM [EXPRESS] POST /api/auth/register 429 in 1ms
10:18:10 AM [EXPRESS] POST /api/auth/register 429 in 0ms
10:18:10 AM [EXPRESS] POST /api/auth/register 429 in 1ms
10:18:11 AM [EXPRESS] POST /api/auth/register 429 in 1ms
10:18:12 AM [EXPRESS] POST /api/auth/register 429 in 0ms
10:18:13 AM [EXPRESS] POST /api/auth/login 429 in 0ms
10:18:14 AM [EXPRESS] POST /api/auth/register 429 in 1ms
10:18:15 AM [EXPRESS] POST /api/auth/register 429 in 1ms
10:18:19 AM [EXPRESS] POST /api/auth/register 429 in 1ms
10:18:19 AM [EXPRESS] POST /api/auth/register 429 in 0ms
10:18:22 AM [EXPRESS] POST /api/auth/login 401 in 71ms :: {"error":"Invalid credentials"}
10:18:30 AM [EXPRESS] POST /api/auth/register 429 in 0ms
10:18:35 AM [EXPRESS] POST /api/auth/login 429 in 0ms
10:18:36 AM [EXPRESS] POST /api/auth/login 429 in 1ms
10:18:42 AM [EXPRESS] POST /api/auth/register 429 in 0ms
10:18:44 AM [EXPRESS] POST /api/auth/login 429 in 1ms
10:18:54 AM [EXPRESS] POST /api/auth/login 429 in 0ms
10:18:56 AM [EXPRESS] GET /api/auth/me 401 in 0ms :: {"error":"Not authenticated"}
10:18:56 AM [EXPRESS] GET /api/auth/me 401 in 0ms :: {"error":"Not authenticated"}
10:19:06 AM [EXPRESS] POST /api/auth/register 400 in 2ms :: {"error":"Пароль должен быть минимум 8 символов"}
10:19:07 AM [EXPRESS] POST /api/auth/register 400 in 1ms :: {"error":"Пароль должен быть минимум 8 символов"}
10:19:07 AM [EXPRESS] POST /api/auth/register 400 in 1ms :: {"error":"Пароль должен быть минимум 8 символов"}
10:19:16 AM [EXPRESS] POST /api/auth/register 429 in 0ms
10:19:31 AM [EXPRESS] POST /api/auth/register 429 in 1ms
10:19:32 AM [EXPRESS] POST /api/auth/register 429 in 0ms
10:19:32 AM [EXPRESS] POST /api/auth/register 429 in 0ms
10:19:33 AM [EXPRESS] POST /api/auth/register 429 in 0ms
10:19:34 AM [EXPRESS] POST /api/auth/register 429 in 1ms
10:19:34 AM [EXPRESS] POST /api/auth/register 429 in 2ms
10:19:35 AM [EXPRESS] POST /api/auth/register 429 in 1ms
10:19:35 AM [EXPRESS] POST /api/auth/register 429 in 0ms
10:19:35 AM [EXPRESS] POST /api/auth/register 429 in 1ms
10:19:36 AM [EXPRESS] POST /api/auth/register 429 in 0ms
10:19:36 AM [EXPRESS] POST /api/auth/register 429 in 0ms
10:19:37 AM [EXPRESS] POST /api/auth/register 429 in 1ms
10:19:42 AM [EXPRESS] POST /api/auth/register 400 in 1ms :: {"error":"Пароль должен содержать заглавные, строчные буквы и цифры"}
10:19:50 AM [EXPRESS] POST /api/auth/register 429 in 0ms
10:20:08 AM [EXPRESS] POST /api/auth/login 429 in 0ms
10:20:20 AM [EXPRESS] POST /api/auth/register 500 in 110ms :: {"error":"Failed to register"}
10:20:24 AM [EXPRESS] POST /api/auth/register 429 in 0ms
10:20:25 AM [EXPRESS] POST /api/auth/register 429 in 0ms
10:20:25 AM [EXPRESS] POST /api/auth/register 429 in 0ms
10:20:25 AM [EXPRESS] POST /api/auth/register 429 in 0ms
10:20:25 AM [EXPRESS] POST /api/auth/register 429 in 0ms
10:20:55 AM [EXPRESS] POST /api/auth/register 429 in 0ms
10:20:56 AM [EXPRESS] POST /api/auth/register 429 in 0ms
10:20:56 AM [EXPRESS] POST /api/auth/register 429 in 0ms
10:20:56 AM [EXPRESS] POST /api/auth/register 429 in 0ms
10:21:36 AM [EXPRESS] POST /api/auth/register 429 in 0ms
10:21:37 AM [EXPRESS] POST /api/auth/register 429 in 1ms
10:21:37 AM [EXPRESS] POST /api/auth/register 429 in 1ms
10:21:37 AM [EXPRESS] POST /api/auth/register 429 in 0ms
10:21:37 AM [EXPRESS] POST /api/auth/register 429 in 0ms
10:21:40 AM [EXPRESS] POST /api/auth/login 429 in 1ms
10:21:41 AM [EXPRESS] POST /api/auth/login 429 in 0ms
10:21:58 AM [EXPRESS] POST /api/auth/login 429 in 1ms
10:21:59 AM [EXPRESS] POST /api/auth/login 429 in 1ms
10:21:59 AM [EXPRESS] POST /api/auth/login 429 in 0ms
10:21:59 AM [EXPRESS] POST /api/auth/login 429 in 1ms
10:22:00 AM [EXPRESS] POST /api/auth/login 429 in 1ms
10:22:00 AM [EXPRESS] POST /api/auth/login 429 in 1ms
10:22:00 AM [EXPRESS] POST /api/auth/login 429 in 1ms
10:22:00 AM [EXPRESS] POST /api/auth/login 429 in 0ms
10:22:00 AM [EXPRESS] POST /api/auth/login 429 in 15ms
10:22:01 AM [EXPRESS] POST /api/auth/login 429 in 1ms
10:22:01 AM [EXPRESS] POST /api/auth/login 429 in 0ms
10:22:01 AM [EXPRESS] POST /api/auth/login 429 in 0ms
10:22:01 AM [EXPRESS] POST /api/auth/login 429 in 0ms
10:22:01 AM [EXPRESS] POST /api/auth/login 429 in 0ms
10:22:02 AM [EXPRESS] POST /api/auth/login 429 in 0ms
10:22:03 AM [EXPRESS] POST /api/auth/login 429 in 0ms
10:22:03 AM [EXPRESS] POST /api/auth/login 429 in 0ms
10:22:03 AM [EXPRESS] POST /api/auth/login 429 in 0ms
10:22:03 AM [EXPRESS] POST /api/auth/login 429 in 0ms
10:22:03 AM [EXPRESS] POST /api/auth/register 429 in 1ms
10:22:03 AM [EXPRESS] POST /api/auth/login 429 in 1ms
10:22:04 AM [EXPRESS] POST /api/auth/register 429 in 0ms
10:22:04 AM [EXPRESS] POST /api/auth/login 429 in 1ms
10:22:04 AM [EXPRESS] POST /api/auth/register 429 in 0ms
10:22:04 AM [EXPRESS] POST /api/auth/login 429 in 1ms
10:22:04 AM [EXPRESS] POST /api/auth/login 429 in 0ms
10:22:04 AM [EXPRESS] POST /api/auth/login 429 in 0ms
10:22:05 AM [EXPRESS] POST /api/auth/login 429 in 0ms
10:22:05 AM [EXPRESS] POST /api/auth/register 429 in 0ms
10:22:05 AM [EXPRESS] POST /api/auth/login 429 in 0ms
10:22:05 AM [EXPRESS] POST /api/auth/register 429 in 1ms
10:22:05 AM [EXPRESS] POST /api/auth/register 429 in 0ms
10:22:05 AM [EXPRESS] POST /api/auth/login 429 in 1ms
10:22:05 AM [EXPRESS] POST /api/auth/register 429 in 0ms
10:22:05 AM [EXPRESS] POST /api/auth/login 429 in 0ms
10:22:06 AM [EXPRESS] POST /api/auth/register 429 in 0ms
10:22:06 AM [EXPRESS] POST /api/auth/login 429 in 0ms
10:22:06 AM [EXPRESS] POST /api/auth/login 429 in 0ms
10:22:06 AM [EXPRESS] POST /api/auth/login 429 in 1ms
10:22:06 AM [EXPRESS] POST /api/auth/login 429 in 0ms
10:22:06 AM [EXPRESS] POST /api/auth/login 429 in 0ms
10:22:07 AM [EXPRESS] POST /api/auth/login 429 in 0ms
10:22:07 AM [EXPRESS] POST /api/auth/login 429 in 0ms
10:22:07 AM [EXPRESS] POST /api/auth/login 429 in 0ms
10:22:07 AM [EXPRESS] POST /api/auth/login 429 in 0ms
10:22:07 AM [EXPRESS] POST /api/auth/login 429 in 0ms
10:22:08 AM [EXPRESS] POST /api/auth/login 429 in 0ms
10:22:08 AM [EXPRESS] POST /api/auth/login 429 in 1ms
10:22:08 AM [EXPRESS] POST /api/auth/login 429 in 1ms
10:22:08 AM [EXPRESS] POST /api/auth/login 429 in 0ms
10:22:09 AM [EXPRESS] POST /api/auth/login 429 in 1ms
10:22:09 AM [EXPRESS] POST /api/auth/login 429 in 1ms
10:22:09 AM [EXPRESS] POST /api/auth/login 429 in 0ms
10:22:09 AM [EXPRESS] POST /api/auth/login 429 in 0ms
10:22:09 AM [EXPRESS] POST /api/auth/login 429 in 1ms
10:22:09 AM [EXPRESS] POST /api/auth/login 429 in 1ms
10:22:10 AM [EXPRESS] POST /api/auth/login 429 in 1ms
10:22:10 AM [EXPRESS] POST /api/auth/login 429 in 0ms
10:22:10 AM [EXPRESS] POST /api/auth/register 429 in 1ms
10:22:10 AM [EXPRESS] POST /api/auth/login 429 in 1ms
10:22:10 AM [EXPRESS] POST /api/auth/login 429 in 0ms
10:22:10 AM [EXPRESS] POST /api/auth/login 429 in 1ms
10:22:11 AM [EXPRESS] POST /api/auth/login 429 in 0ms
10:22:11 AM [EXPRESS] POST /api/auth/login 429 in 1ms
10:22:11 AM [EXPRESS] POST /api/auth/login 429 in 0ms
10:22:11 AM [EXPRESS] POST /api/auth/login 429 in 0ms
10:22:12 AM [EXPRESS] POST /api/auth/login 429 in 0ms
10:22:12 AM [EXPRESS] POST /api/auth/login 429 in 0ms
10:22:12 AM [EXPRESS] POST /api/auth/login 429 in 0ms
10:22:12 AM [EXPRESS] POST /api/auth/login 429 in 1ms
10:22:12 AM [EXPRESS] POST /api/auth/login 429 in 1ms
10:22:13 AM [EXPRESS] POST /api/auth/login 429 in 0ms
10:22:13 AM [EXPRESS] POST /api/auth/login 429 in 0ms
10:22:13 AM [EXPRESS] POST /api/auth/login 429 in 0ms
10:22:13 AM [EXPRESS] POST /api/auth/login 429 in 0ms
10:22:13 AM [EXPRESS] POST /api/auth/login 429 in 0ms
10:22:14 AM [EXPRESS] POST /api/auth/login 429 in 0ms
10:22:14 AM [EXPRESS] POST /api/auth/login 429 in 0ms
10:22:14 AM [EXPRESS] POST /api/auth/login 429 in 0ms
10:22:14 AM [EXPRESS] POST /api/auth/login 429 in 1ms
10:22:14 AM [EXPRESS] POST /api/auth/login 429 in 1ms
10:22:15 AM [EXPRESS] POST /api/auth/login 429 in 1ms
10:22:15 AM [EXPRESS] POST /api/auth/login 429 in 1ms
10:22:15 AM [EXPRESS] POST /api/auth/login 429 in 1ms
10:22:15 AM [EXPRESS] POST /api/auth/login 429 in 1ms
10:22:15 AM [EXPRESS] POST /api/auth/login 429 in 1ms
10:22:16 AM [EXPRESS] POST /api/auth/login 429 in 0ms
10:22:16 AM [EXPRESS] POST /api/auth/login 429 in 1ms
10:22:16 AM [EXPRESS] POST /api/auth/login 429 in 0ms
10:22:16 AM [EXPRESS] POST /api/auth/login 429 in 0ms
10:22:17 AM [EXPRESS] POST /api/auth/login 429 in 0ms
10:22:17 AM [EXPRESS] POST /api/auth/login 429 in 0ms
10:22:17 AM [EXPRESS] POST /api/auth/login 429 in 1ms
10:22:17 AM [EXPRESS] POST /api/auth/login 429 in 0ms
10:22:18 AM [EXPRESS] POST /api/auth/login 429 in 1ms
10:22:18 AM [EXPRESS] POST /api/auth/login 429 in 1ms
10:22:18 AM [EXPRESS] POST /api/auth/login 429 in 0ms
10:22:18 AM [EXPRESS] POST /api/auth/login 429 in 1ms
10:22:19 AM [EXPRESS] POST /api/auth/login 429 in 0ms
10:22:19 AM [EXPRESS] POST /api/auth/login 429 in 1ms
10:22:35 AM [EXPRESS] GET /api/auth/me 401 in 0ms :: {"error":"Not authenticated"}
10:22:35 AM [EXPRESS] GET /api/auth/me 401 in 1ms :: {"error":"Not authenticated"}
10:22:49 AM [EXPRESS] POST /api/auth/register 429 in 0ms
10:22:56 AM [EXPRESS] POST /api/auth/login 429 in 0ms
10:23:04 AM [EXPRESS] GET /api/auth/me 401 in 1ms :: {"error":"Not authenticated"}
10:23:04 AM [EXPRESS] GET /api/auth/me 401 in 0ms :: {"error":"Not authenticated"}
10:23:08 AM [EXPRESS] POST /api/auth/login 429 in 0ms
10:23:12 AM [EXPRESS] POST /api/auth/register 429 in 1ms
10:23:15 AM [EXPRESS] POST /api/auth/login 429 in 0ms
10:23:35 AM [EXPRESS] POST /api/auth/register 429 in 0ms
10:23:36 AM [EXPRESS] POST /api/auth/register 429 in 0ms
10:23:43 AM [EXPRESS] POST /api/auth/login 429 in 1ms
10:23:44 AM [EXPRESS] POST /api/auth/login 429 in 0ms
10:23:45 AM [EXPRESS] POST /api/auth/login 429 in 1ms
10:23:45 AM [EXPRESS] POST /api/auth/login 429 in 0ms
10:23:45 AM [EXPRESS] POST /api/auth/login 429 in 0ms
10:23:46 AM [EXPRESS] POST /api/auth/login 429 in 0ms
10:24:04 AM [EXPRESS] POST /api/auth/register 500 in 71ms :: {"error":"Failed to register"}
10:24:07 AM [EXPRESS] POST /api/auth/login 429 in 1ms
10:24:08 AM [EXPRESS] POST /api/auth/login 429 in 1ms
10:24:08 AM [EXPRESS] POST /api/auth/login 429 in 1ms
10:24:08 AM [EXPRESS] POST /api/auth/login 429 in 0ms
10:24:08 AM [EXPRESS] POST /api/auth/register 429 in 0ms
10:24:08 AM [EXPRESS] POST /api/auth/login 429 in 1ms
10:24:09 AM [EXPRESS] POST /api/auth/register 429 in 1ms
10:24:09 AM [EXPRESS] POST /api/auth/login 429 in 0ms
10:24:09 AM [EXPRESS] POST /api/auth/login 429 in 0ms
10:24:09 AM [EXPRESS] POST /api/auth/register 429 in 1ms
10:24:10 AM [EXPRESS] POST /api/auth/register 429 in 0ms
10:24:10 AM [EXPRESS] POST /api/auth/register 429 in 1ms
10:24:11 AM [EXPRESS] POST /api/auth/register 429 in 0ms
10:24:11 AM [EXPRESS] POST /api/auth/register 429 in 0ms
10:24:11 AM [EXPRESS] POST /api/auth/register 429 in 1ms
10:24:12 AM [EXPRESS] POST /api/auth/register 429 in 0ms
10:24:13 AM [EXPRESS] POST /api/auth/register 429 in 0ms
10:24:14 AM [EXPRESS] POST /api/auth/register 429 in 1ms
10:24:14 AM [EXPRESS] POST /api/auth/register 429 in 0ms
10:24:14 AM [EXPRESS] POST /api/auth/register 429 in 1ms
10:24:15 AM [EXPRESS] POST /api/auth/register 429 in 1ms
10:24:16 AM [EXPRESS] POST /api/auth/register 429 in 0ms
10:24:17 AM [EXPRESS] POST /api/auth/register 429 in 1ms
10:24:21 AM [EXPRESS] POST /api/auth/register 429 in 1ms
10:24:21 AM [EXPRESS] POST /api/auth/login 200 in 65ms :: {"id":12,"username":"Pididi"}
10:24:25 AM [EXPRESS] POST /api/auth/register 429 in 1ms
10:24:27 AM [EXPRESS] GET /api/auth/me 401 in 0ms :: {"error":"Not authenticated"}
10:24:27 AM [EXPRESS] GET /api/auth/me 401 in 1ms :: {"error":"Not authenticated"}
10:24:30 AM [EXPRESS] POST /api/auth/register 500 in 71ms :: {"error":"Failed to register"}
10:24:31 AM [EXPRESS] POST /api/auth/login 401 in 1ms :: {"error":"Invalid credentials"}
10:24:32 AM [EXPRESS] POST /api/auth/login 401 in 0ms :: {"error":"Invalid credentials"}
10:24:33 AM [EXPRESS] POST /api/auth/register 409 in 1ms :: {"error":"User already exists"}
10:24:33 AM [EXPRESS] POST /api/auth/login 401 in 0ms :: {"error":"Invalid credentials"}
10:24:34 AM [EXPRESS] POST /api/auth/login 401 in 1ms :: {"error":"Invalid credentials"}
10:24:34 AM [EXPRESS] POST /api/auth/login 401 in 0ms :: {"error":"Invalid credentials"}
10:24:35 AM [EXPRESS] POST /api/auth/login 429 in 0ms
10:24:41 AM [EXPRESS] POST /api/auth/register 429 in 1ms
10:24:41 AM [EXPRESS] POST /api/auth/register 429 in 0ms
10:24:42 AM [EXPRESS] POST /api/auth/login 200 in 65ms :: {"id":13,"username":"CLASHRONIN"}
10:24:46 AM [EXPRESS] POST /api/auth/register 429 in 1ms
10:24:46 AM [EXPRESS] GET /api/auth/me 401 in 1ms :: {"error":"Not authenticated"}
10:24:46 AM [EXPRESS] GET /api/auth/me 401 in 0ms :: {"error":"Not authenticated"}
10:24:46 AM [EXPRESS] POST /api/auth/register 429 in 0ms
10:24:46 AM [EXPRESS] POST /api/auth/register 429 in 0ms
10:24:47 AM [EXPRESS] POST /api/auth/register 429 in 0ms
10:24:47 AM [EXPRESS] POST /api/auth/register 429 in 1ms
10:24:47 AM [EXPRESS] POST /api/auth/register 429 in 0ms
10:24:48 AM [EXPRESS] POST /api/auth/register 429 in 0ms
10:24:53 AM [EXPRESS] POST /api/auth/register 429 in 1ms
10:24:54 AM [EXPRESS] POST /api/auth/register 429 in 0ms
10:24:54 AM [EXPRESS] POST /api/auth/register 429 in 0ms
10:25:03 AM [EXPRESS] POST /api/auth/login 401 in 1ms :: {"error":"Invalid credentials"}
10:25:08 AM [EXPRESS] POST /api/auth/register 429 in 1ms
10:25:10 AM [EXPRESS] POST /api/auth/register 429 in 0ms
10:25:13 AM [EXPRESS] GET /api/auth/me 401 in 1ms :: {"error":"Not authenticated"}
10:25:13 AM [EXPRESS] GET /api/auth/me 401 in 1ms :: {"error":"Not authenticated"}
10:25:18 AM [EXPRESS] POST /api/auth/register 500 in 110ms :: {"error":"Failed to register"}
10:25:18 AM [EXPRESS] POST /api/auth/register 429 in 0ms
10:25:19 AM [EXPRESS] POST /api/auth/register 429 in 1ms
10:25:19 AM [EXPRESS] POST /api/auth/register 429 in 1ms
10:25:19 AM [EXPRESS] POST /api/auth/register 429 in 1ms
10:25:20 AM [EXPRESS] POST /api/auth/register 429 in 1ms
10:25:20 AM [EXPRESS] POST /api/auth/register 429 in 0ms
10:25:20 AM [EXPRESS] POST /api/auth/register 429 in 1ms
10:25:20 AM [EXPRESS] POST /api/auth/register 429 in 1ms
10:25:21 AM [EXPRESS] POST /api/auth/register 429 in 0ms
10:25:21 AM [EXPRESS] POST /api/auth/register 429 in 0ms
10:25:21 AM [EXPRESS] POST /api/auth/register 429 in 0ms
10:25:21 AM [EXPRESS] POST /api/auth/register 429 in 0ms
10:25:21 AM [EXPRESS] POST /api/auth/register 429 in 1ms
10:25:21 AM [EXPRESS] POST /api/auth/register 429 in 1ms
10:25:22 AM [EXPRESS] POST /api/auth/register 429 in 0ms
10:25:22 AM [EXPRESS] POST /api/auth/register 429 in 1ms
10:25:22 AM [EXPRESS] POST /api/auth/register 429 in 0ms
10:25:23 AM [EXPRESS] POST /api/auth/register 429 in 1ms
10:25:24 AM [EXPRESS] POST /api/auth/register 429 in 0ms
10:25:27 AM [EXPRESS] POST /api/auth/register 429 in 1ms
10:25:27 AM [EXPRESS] POST /api/auth/register 429 in 0ms
10:25:28 AM [EXPRESS] POST /api/auth/register 429 in 0ms
10:25:28 AM [EXPRESS] POST /api/auth/register 429 in 0ms
10:25:30 AM [EXPRESS] POST /api/auth/register 429 in 1ms
10:25:31 AM [EXPRESS] POST /api/auth/login 401 in 0ms :: {"error":"Invalid credentials"}
10:25:31 AM [EXPRESS] POST /api/auth/register 429 in 0ms
10:25:31 AM [EXPRESS] POST /api/auth/login 429 in 1ms
10:25:32 AM [EXPRESS] POST /api/auth/login 401 in 1ms :: {"error":"Invalid credentials"}
10:25:32 AM [EXPRESS] POST /api/auth/login 429 in 1ms
10:25:32 AM [EXPRESS] POST /api/auth/login 429 in 0ms
10:25:33 AM [EXPRESS] POST /api/auth/login 401 in 1ms :: {"error":"Invalid credentials"}
10:25:33 AM [EXPRESS] POST /api/auth/login 429 in 0ms
10:25:33 AM [EXPRESS] POST /api/auth/register 429 in 0ms
10:25:33 AM [EXPRESS] POST /api/auth/login 429 in 1ms
10:25:33 AM [EXPRESS] POST /api/auth/login 429 in 1ms
10:25:33 AM [EXPRESS] POST /api/auth/login 401 in 0ms :: {"error":"Invalid credentials"}
10:25:33 AM [EXPRESS] POST /api/auth/register 429 in 0ms
10:25:33 AM [EXPRESS] POST /api/auth/register 429 in 1ms
10:25:33 AM [EXPRESS] POST /api/auth/login 429 in 1ms
10:25:33 AM [EXPRESS] POST /api/auth/login 429 in 1ms
10:25:34 AM [EXPRESS] POST /api/auth/register 429 in 1ms
10:25:35 AM [EXPRESS] POST /api/auth/login 429 in 0ms
10:25:35 AM [EXPRESS] POST /api/auth/login 429 in 1ms
10:25:36 AM [EXPRESS] POST /api/auth/login 429 in 1ms
10:25:36 AM [EXPRESS] POST /api/auth/login 429 in 0ms
10:25:36 AM [EXPRESS] POST /api/auth/login 429 in 0ms
10:25:36 AM [EXPRESS] POST /api/auth/login 429 in 0ms
10:25:36 AM [EXPRESS] POST /api/auth/login 429 in 1ms
10:25:37 AM [EXPRESS] POST /api/auth/login 429 in 1ms
10:25:37 AM [EXPRESS] POST /api/auth/login 429 in 1ms
10:25:38 AM [EXPRESS] POST /api/auth/login 200 in 68ms :: {"id":14,"username":"676767gh"}
10:25:43 AM [EXPRESS] POST /api/auth/login 401 in 1ms :: {"error":"Invalid credentials"}
10:25:53 AM [EXPRESS] POST /api/auth/register 429 in 0ms
10:25:57 AM [EXPRESS] POST /api/auth/register 429 in 0ms
10:25:59 AM [EXPRESS] POST /api/auth/register 429 in 0ms
10:25:59 AM [EXPRESS] POST /api/auth/register 429 in 0ms
10:26:04 AM [EXPRESS] GET /api/auth/me 401 in 1ms :: {"error":"Not authenticated"}
10:26:04 AM [EXPRESS] GET /api/auth/me 401 in 0ms :: {"error":"Not authenticated"}
10:26:06 AM [EXPRESS] POST /api/auth/register 429 in 0ms
10:26:06 AM [EXPRESS] POST /api/auth/register 429 in 1ms
10:26:06 AM [EXPRESS] POST /api/auth/register 429 in 1ms
10:26:07 AM [EXPRESS] POST /api/auth/register 429 in 1ms
10:26:07 AM [EXPRESS] POST /api/auth/register 429 in 1ms
10:26:07 AM [EXPRESS] POST /api/auth/register 429 in 0ms
10:26:07 AM [EXPRESS] POST /api/auth/register 429 in 1ms
10:26:08 AM [EXPRESS] GET /api/auth/me 401 in 0ms :: {"error":"Not authenticated"}
10:26:08 AM [EXPRESS] GET /api/auth/me 401 in 1ms :: {"error":"Not authenticated"}
10:26:38 AM [EXPRESS] POST /api/auth/login 429 in 1ms
10:26:39 AM [EXPRESS] POST /api/auth/login 429 in 0ms
10:26:41 AM [EXPRESS] POST /api/auth/register 400 in 0ms :: {"error":"Пароль должен содержать заглавные, строчные буквы и цифры"}
10:26:41 AM [EXPRESS] POST /api/auth/register 400 in 1ms :: {"error":"Пароль должен содержать заглавные, строчные буквы и цифры"}
10:26:41 AM [EXPRESS] POST /api/auth/register 400 in 1ms :: {"error":"Пароль должен содержать заглавные, строчные буквы и цифры"}
10:26:42 AM [EXPRESS] POST /api/auth/register 400 in 1ms :: {"error":"Пароль должен содержать заглавные, строчные буквы и цифры"}
10:26:45 AM [EXPRESS] POST /api/auth/register 429 in 0ms
10:26:56 AM [EXPRESS] POST /api/auth/login 429 in 1ms
10:26:59 AM [EXPRESS] POST /api/auth/login 429 in 0ms
10:27:11 AM [EXPRESS] POST /api/auth/register 429 in 0ms
10:27:12 AM [EXPRESS] POST /api/auth/register 429 in 0ms
10:27:12 AM [EXPRESS] POST /api/auth/register 429 in 1ms
10:27:20 AM [EXPRESS] POST /api/auth/register 400 in 1ms :: {"error":"Пароль должен содержать заглавные, строчные буквы и цифры"}
10:27:21 AM [EXPRESS] GET /api/auth/me 401 in 1ms :: {"error":"Not authenticated"}
10:27:21 AM [EXPRESS] GET /api/auth/me 401 in 0ms :: {"error":"Not authenticated"}
10:27:25 AM [EXPRESS] POST /api/auth/login 429 in 1ms
10:27:26 AM [EXPRESS] POST /api/auth/login 429 in 0ms
10:27:27 AM [EXPRESS] POST /api/auth/login 429 in 0ms
10:27:27 AM [EXPRESS] POST /api/auth/login 429 in 1ms
10:27:28 AM [EXPRESS] POST /api/auth/login 429 in 0ms
10:27:33 AM [EXPRESS] POST /api/auth/register 429 in 0ms
10:27:34 AM [EXPRESS] POST /api/auth/register 429 in 0ms
10:27:34 AM [EXPRESS] POST /api/auth/register 429 in 1ms
10:27:34 AM [EXPRESS] POST /api/auth/register 429 in 0ms
10:27:34 AM [EXPRESS] POST /api/auth/register 429 in 0ms
10:27:35 AM [EXPRESS] POST /api/auth/register 429 in 0ms
10:27:35 AM [EXPRESS] POST /api/auth/register 429 in 0ms
10:27:35 AM [EXPRESS] POST /api/auth/register 429 in 1ms
10:27:35 AM [EXPRESS] POST /api/auth/register 429 in 1ms
10:27:36 AM [EXPRESS] POST /api/auth/register 429 in 1ms
10:28:15 AM [EXPRESS] POST /api/auth/register 500 in 77ms :: {"error":"Failed to register"}
10:28:27 AM [EXPRESS] POST /api/auth/login 200 in 64ms :: {"id":15,"username":"dikusbikus"}
10:29:16 AM [EXPRESS] POST /api/auth/register 429 in 1ms
10:29:18 AM [EXPRESS] POST /api/auth/register 429 in 0ms
10:29:18 AM [EXPRESS] POST /api/auth/register 429 in 0ms
10:29:18 AM [EXPRESS] POST /api/auth/register 429 in 1ms
10:29:19 AM [EXPRESS] POST /api/auth/register 429 in 0ms
10:29:19 AM [EXPRESS] POST /api/auth/register 429 in 1ms
10:29:19 AM [EXPRESS] POST /api/auth/register 429 in 1ms
10:29:20 AM [EXPRESS] POST /api/auth/register 429 in 0ms
10:29:20 AM [EXPRESS] POST /api/auth/register 429 in 1ms
10:29:20 AM [EXPRESS] POST /api/auth/register 400 in 1ms :: {"error":"Имя пользователя может содержать только буквы, цифры, _ и -"}
10:29:20 AM [EXPRESS] POST /api/auth/register 429 in 0ms
10:29:21 AM [EXPRESS] POST /api/auth/register 400 in 1ms :: {"error":"Имя пользователя может содержать только буквы, цифры, _ и -"}
10:29:21 AM [EXPRESS] POST /api/auth/register 429 in 0ms
10:29:22 AM [EXPRESS] POST /api/auth/register 429 in 0ms
10:29:59 AM [EXPRESS] POST /api/auth/register 400 in 1ms :: {"error":"Имя пользователя может содержать только буквы, цифры, _ и -"}
10:30:00 AM [EXPRESS] POST /api/auth/register 400 in 1ms :: {"error":"Имя пользователя может содержать только буквы, цифры, _ и -"}
10:30:00 AM [EXPRESS] POST /api/auth/register 400 in 1ms :: {"error":"Имя пользователя может содержать только буквы, цифры, _ и -"}
10:30:01 AM [EXPRESS] POST /api/auth/register 429 in 1ms
10:30:01 AM [EXPRESS] POST /api/auth/register 429 in 0ms
10:30:02 AM [EXPRESS] POST /api/auth/register 429 in 1ms
10:30:03 AM [EXPRESS] POST /api/auth/register 429 in 0ms
10:30:04 AM [EXPRESS] POST /api/auth/register 429 in 0ms
10:30:11 AM [EXPRESS] POST /api/auth/register 429 in 1ms
10:30:16 AM [EXPRESS] GET /api/auth/me 401 in 0ms :: {"error":"Not authenticated"}
10:30:16 AM [EXPRESS] GET /api/auth/me 401 in 1ms :: {"error":"Not authenticated"}
10:31:37 AM [EXPRESS] POST /api/auth/register 429 in 1ms
10:31:38 AM [EXPRESS] POST /api/auth/register 429 in 0ms
10:31:38 AM [EXPRESS] POST /api/auth/register 429 in 0ms
10:32:12 AM [EXPRESS] GET /api/auth/me 401 in 1ms :: {"error":"Not authenticated"}
10:32:12 AM [EXPRESS] GET /api/auth/me 401 in 0ms :: {"error":"Not authenticated"}
10:33:57 AM [EXPRESS] GET /api/auth/me 401 in 1ms :: {"error":"Not authenticated"}
10:33:57 AM [EXPRESS] GET /api/auth/me 401 in 1ms :: {"error":"Not authenticated"}
10:34:00 AM [EXPRESS] GET /api/auth/me 200 in 2ms :: {"id":14,"username":"676767gh"}
10:34:00 AM [EXPRESS] GET /api/auth/me 401 in 1ms :: {"error":"Not authenticated"}
10:34:00 AM [EXPRESS] GET /api/auth/me 401 in 0ms :: {"error":"Not authenticated"}
10:34:00 AM [EXPRESS] GET /api/auth/me 200 in 1ms :: {"id":4,"username":"Shopin_Sholin"}
10:34:00 AM [EXPRESS] GET /api/auth/me 200 in 2ms :: {"id":10,"username":"Serri"}
10:34:00 AM [EXPRESS] GET /api/auth/me 200 in 0ms :: {"id":1,"username":"admin007"}
10:34:02 AM [EXPRESS] GET /api/auth/me 200 in 0ms :: {"id":12,"username":"Pididi"}
10:34:03 AM [EXPRESS] GET /api/auth/me 401 in 0ms :: {"error":"Not authenticated"}
10:34:03 AM [EXPRESS] GET /api/auth/me 401 in 0ms :: {"error":"Not authenticated"}
10:34:04 AM [EXPRESS] GET /api/auth/me 401 in 1ms :: {"error":"Not authenticated"}
10:34:05 AM [EXPRESS] GET /api/auth/me 401 in 0ms :: {"error":"Not authenticated"}
10:34:13 AM [EXPRESS] GET /api/auth/me 200 in 1ms :: {"id":7,"username":"Hermes_512"}
10:34:40 AM [EXPRESS] POST /api/auth/login 401 in 1ms :: {"error":"Invalid credentials"}
10:34:41 AM [EXPRESS] POST /api/auth/login 401 in 1ms :: {"error":"Invalid credentials"}
10:34:41 AM [EXPRESS] POST /api/auth/login 401 in 1ms :: {"error":"Invalid credentials"}
10:35:09 AM [EXPRESS] POST /api/auth/register 429 in 0ms
10:35:21 AM [EXPRESS] POST /api/auth/login 429 in 0ms
10:35:28 AM [EXPRESS] POST /api/auth/login 429 in 0ms
10:35:29 AM [EXPRESS] POST /api/auth/login 429 in 0ms
10:35:30 AM [EXPRESS] GET /api/auth/me 200 in 1ms :: {"id":9,"username":"PYHOVIK"}
10:35:46 AM [EXPRESS] POST /api/auth/login 401 in 0ms :: {"error":"Invalid credentials"}
10:35:49 AM [EXPRESS] POST /api/auth/login 401 in 1ms :: {"error":"Invalid credentials"}
10:35:49 AM [EXPRESS] POST /api/auth/login 429 in 0ms
10:35:50 AM [EXPRESS] POST /api/auth/login 429 in 0ms
10:35:50 AM [EXPRESS] POST /api/auth/login 429 in 1ms
10:35:50 AM [EXPRESS] POST /api/auth/login 429 in 1ms
10:35:51 AM [EXPRESS] POST /api/auth/login 429 in 1ms
10:35:51 AM [EXPRESS] POST /api/auth/login 429 in 0ms
10:35:54 AM [EXPRESS] POST /api/auth/login 429 in 1ms
10:35:54 AM [EXPRESS] POST /api/auth/login 429 in 2ms
10:36:28 AM [EXPRESS] GET /api/auth/me 200 in 1ms :: {"id":15,"username":"dikusbikus"}
10:36:41 AM [EXPRESS] GET /api/leaderboard 200 in 1ms :: []
10:37:23 AM [EXPRESS] POST /api/auth/register 429 in 1ms
10:37:24 AM [EXPRESS] POST /api/auth/register 429 in 0ms
10:37:25 AM [EXPRESS] POST /api/auth/register 429 in 0ms
10:37:27 AM [EXPRESS] POST /api/auth/register 429 in 1ms
10:37:27 AM [EXPRESS] POST /api/auth/register 429 in 1ms
10:37:27 AM [EXPRESS] POST /api/auth/register 429 in 0ms
10:38:30 AM [EXPRESS] GET /api/auth/me 401 in 0ms :: {"error":"Not authenticated"}
10:38:30 AM [EXPRESS] GET /api/auth/me 401 in 0ms :: {"error":"Not authenticated"}
10:55:17 AM [EXPRESS] GET /api/auth/me 401 in 0ms :: {"error":"Not authenticated"}
10:55:17 AM [EXPRESS] GET /api/auth/me 401 in 1ms :: {"error":"Not authenticated"}
11:25:25 AM [EXPRESS] serving on port 5000
11:25:25 AM [EXPRESS] 🎮 Фронтенд и Бекенд запущены на одном сервере
11:25:25 AM [EXPRESS] 📍 Доступ через localhost:
11:25:25 AM [EXPRESS]    [BACKEND] http://localhost:5000 (API)
11:25:25 AM [EXPRESS]    [FRONTEND] http://localhost:5000 (Web UI)
11:25:25 AM [EXPRESS] 📍 Доступ через локальную сеть:
11:25:25 AM [EXPRESS]    [BACKEND] http://10.180.122.12:5000 (API)
11:25:25 AM [EXPRESS]    [FRONTEND] http://10.180.122.12:5000 (Web UI)
11:25:25 AM [EXPRESS]    [BACKEND] http://172.18.0.1:5000 (API)
11:25:25 AM [EXPRESS]    [FRONTEND] http://172.18.0.1:5000 (Web UI)
11:25:50 AM [EXPRESS] GET /api/auth/me 401 in 2ms :: {"error":"Not authenticated"}
11:25:50 AM [EXPRESS] GET /api/auth/me 401 in 0ms :: {"error":"Not authenticated"}
11:26:32 AM [EXPRESS] POST /api/auth/register 400 in 5ms :: {"error":"Пароль должен быть минимум 8 символов"}
11:26:43 AM [EXPRESS] POST /api/auth/register 400 in 1ms :: {"error":"Пароль должен содержать заглавные, строчные буквы и цифры"}
11:27:02 AM [EXPRESS] POST /api/auth/register 500 in 128ms :: {"error":"Ошибка при регистрации: не удалось создать аккаунт"}
11:27:12 AM [EXPRESS] POST /api/auth/register 400 in 1ms :: {"error":"Пароль должен содержать заглавные, строчные буквы и цифры"}
11:27:29 AM [EXPRESS] POST /api/auth/register 409 in 2ms :: {"error":"Пользователь с таким именем уже существует"}
11:27:40 AM [EXPRESS] POST /api/auth/login 429 in 0ms
11:27:41 AM [EXPRESS] POST /api/auth/login 429 in 0ms
11:27:42 AM [EXPRESS] POST /api/auth/login 429 in 0ms
11:27:42 AM [EXPRESS] POST /api/auth/login 429 in 0ms
11:27:43 AM [EXPRESS] POST /api/auth/login 429 in 1ms
11:27:43 AM [EXPRESS] POST /api/auth/login 429 in 1ms
11:27:43 AM [EXPRESS] POST /api/auth/login 429 in 0ms
11:27:44 AM [EXPRESS] POST /api/auth/login 429 in 0ms
11:27:44 AM [EXPRESS] POST /api/auth/login 429 in 1ms
11:27:45 AM [EXPRESS] POST /api/auth/login 429 in 0ms
11:27:45 AM [EXPRESS] POST /api/auth/login 429 in 0ms
11:27:46 AM [EXPRESS] POST /api/auth/login 429 in 0ms
11:27:46 AM [EXPRESS] POST /api/auth/login 429 in 1ms
11:28:34 AM [EXPRESS] POST /api/auth/register 429 in 1ms
11:28:36 AM [EXPRESS] POST /api/auth/register 429 in 1ms
11:28:37 AM [EXPRESS] POST /api/auth/register 429 in 1ms
11:28:37 AM [EXPRESS] POST /api/auth/register 429 in 0ms
11:28:37 AM [EXPRESS] POST /api/auth/register 429 in 0ms
11:28:37 AM [EXPRESS] POST /api/auth/register 429 in 0ms
11:28:38 AM [EXPRESS] POST /api/auth/register 429 in 0ms
11:28:38 AM [EXPRESS] POST /api/auth/register 429 in 0ms
11:28:38 AM [EXPRESS] POST /api/auth/register 429 in 0ms
11:28:38 AM [EXPRESS] POST /api/auth/register 429 in 1ms
11:28:38 AM [EXPRESS] POST /api/auth/register 429 in 1ms
11:28:38 AM [EXPRESS] POST /api/auth/register 429 in 1ms
11:28:39 AM [EXPRESS] POST /api/auth/register 429 in 1ms
11:28:39 AM [EXPRESS] POST /api/auth/register 429 in 0ms
11:28:39 AM [EXPRESS] POST /api/auth/register 429 in 0ms
11:28:39 AM [EXPRESS] POST /api/auth/register 429 in 1ms
11:28:40 AM [EXPRESS] POST /api/auth/register 429 in 1ms
11:28:40 AM [EXPRESS] POST /api/auth/register 429 in 1ms
11:28:41 AM [EXPRESS] POST /api/auth/register 429 in 1ms
11:28:41 AM [EXPRESS] POST /api/auth/register 429 in 1ms
11:29:29 AM [EXPRESS] POST /api/auth/login 429 in 0ms
11:29:45 AM [EXPRESS] serving on port 5000
11:29:45 AM [EXPRESS] 🎮 Фронтенд и Бекенд запущены на одном сервере
11:29:45 AM [EXPRESS] 📍 Доступ через localhost:
11:29:45 AM [EXPRESS]    [BACKEND] http://localhost:5000 (API)
11:29:45 AM [EXPRESS]    [FRONTEND] http://localhost:5000 (Web UI)
11:29:45 AM [EXPRESS] 📍 Доступ через локальную сеть:
11:29:45 AM [EXPRESS]    [BACKEND] http://10.180.122.12:5000 (API)
11:29:45 AM [EXPRESS]    [FRONTEND] http://10.180.122.12:5000 (Web UI)
11:29:45 AM [EXPRESS]    [BACKEND] http://172.18.0.1:5000 (API)
11:29:45 AM [EXPRESS]    [FRONTEND] http://172.18.0.1:5000 (Web UI)
11:29:45 AM [EXPRESS] POST /api/auth/login 200 in 89ms :: {"id":1,"username":"admin007"}
11:29:47 AM [EXPRESS] GET /api/auth/me 200 in 2ms :: {"id":1,"username":"admin007"}
11:29:54 AM [EXPRESS] POST /api/auth/logout 200 in 1ms :: {"message":"Logged out successfully"}
11:29:54 AM [EXPRESS] GET /api/auth/me 401 in 1ms :: {"error":"Not authenticated"}
11:30:21 AM [EXPRESS] POST /api/auth/register 409 in 6ms :: {"error":"Пользователь с таким именем уже существует"}
11:30:30 AM [EXPRESS] POST /api/auth/register 500 in 115ms :: {"error":"Ошибка при регистрации: не удалось создать аккаунт"}
11:31:06 AM [EXPRESS] POST /api/auth/register 409 in 1ms :: {"error":"Пользователь с таким именем уже существует"}
11:31:08 AM [EXPRESS] POST /api/auth/register 409 in 2ms :: {"error":"Пользователь с таким именем уже существует"}
11:31:13 AM [EXPRESS] POST /api/auth/register 500 in 108ms :: {"error":"Ошибка при регистрации: не удалось создать аккаунт"}
11:31:21 AM [EXPRESS] POST /api/auth/login 429 in 1ms
11:31:22 AM [EXPRESS] POST /api/auth/login 429 in 1ms
11:31:22 AM [EXPRESS] POST /api/auth/login 429 in 0ms
11:31:22 AM [EXPRESS] POST /api/auth/login 429 in 0ms
11:31:36 AM [EXPRESS] GET /api/auth/me 401 in 0ms :: {"error":"Not authenticated"}
11:31:36 AM [EXPRESS] GET /api/auth/me 401 in 1ms :: {"error":"Not authenticated"}
11:32:12 AM [EXPRESS] POST /api/auth/register 500 in 80ms :: {"error":"Ошибка при регистрации: не удалось создать аккаунт"}
11:34:41 AM [EXPRESS] serving on port 5000
11:34:41 AM [EXPRESS] 🎮 Фронтенд и Бекенд запущены на одном сервере
11:34:41 AM [EXPRESS] 📍 Доступ через localhost:
11:34:41 AM [EXPRESS]    [BACKEND] http://localhost:5000 (API)
11:34:41 AM [EXPRESS]    [FRONTEND] http://localhost:5000 (Web UI)
11:34:41 AM [EXPRESS] 📍 Доступ через локальную сеть:
11:34:41 AM [EXPRESS]    [BACKEND] http://10.180.122.12:5000 (API)
11:34:41 AM [EXPRESS]    [FRONTEND] http://10.180.122.12:5000 (Web UI)
11:34:41 AM [EXPRESS]    [BACKEND] http://172.18.0.1:5000 (API)
11:34:41 AM [EXPRESS]    [FRONTEND] http://172.18.0.1:5000 (Web UI)
11:34:43 AM [EXPRESS] GET /api/auth/me 401 in 5ms :: {"error":"Not authenticated"}
11:34:43 AM [EXPRESS] GET /api/auth/me 401 in 1ms :: {"error":"Not authenticated"}
11:34:43 AM [EXPRESS] GET /api/auth/me 401 in 1ms :: {"error":"Not authenticated"}
11:34:43 AM [EXPRESS] GET /api/auth/me 401 in 1ms :: {"error":"Not authenticated"}
11:35:17 AM [EXPRESS] serving on port 5000
11:35:17 AM [EXPRESS] 🎮 Фронтенд и Бекенд запущены на одном сервере
11:35:17 AM [EXPRESS] 📍 Доступ через localhost:
11:35:17 AM [EXPRESS]    [BACKEND] http://localhost:5000 (API)
11:35:17 AM [EXPRESS]    [FRONTEND] http://localhost:5000 (Web UI)
11:35:17 AM [EXPRESS] 📍 Доступ через локальную сеть:
11:35:17 AM [EXPRESS]    [BACKEND] http://10.180.122.12:5000 (API)
11:35:17 AM [EXPRESS]    [FRONTEND] http://10.180.122.12:5000 (Web UI)
11:35:17 AM [EXPRESS]    [BACKEND] http://172.18.0.1:5000 (API)
11:35:17 AM [EXPRESS]    [FRONTEND] http://172.18.0.1:5000 (Web UI)
11:35:19 AM [EXPRESS] GET /api/auth/me 401 in 8ms :: {"error":"Not authenticated"}
11:35:19 AM [EXPRESS] GET /api/auth/me 401 in 1ms :: {"error":"Not authenticated"}
11:35:19 AM [EXPRESS] GET /api/auth/me 401 in 1ms :: {"error":"Not authenticated"}
11:35:19 AM [EXPRESS] GET /api/auth/me 401 in 1ms :: {"error":"Not authenticated"}
11:35:29 AM [EXPRESS] GET /api/auth/me 401 in 2ms :: {"error":"Not authenticated"}
11:35:29 AM [EXPRESS] GET /api/auth/me 401 in 1ms :: {"error":"Not authenticated"}
11:36:05 AM [EXPRESS] POST /api/auth/register 201 in 100ms :: {"id":1,"username":"dibilidurak"}
11:36:10 AM [EXPRESS] POST /api/auth/logout 200 in 0ms :: {"message":"Logged out successfully"}
11:36:10 AM [EXPRESS] GET /api/auth/me 401 in 1ms :: {"error":"Not authenticated"}
11:36:19 AM [EXPRESS] POST /api/auth/login 401 in 2ms :: {"error":"Invalid credentials"}
11:36:36 AM [EXPRESS] POST /api/auth/login 200 in 68ms :: {"id":1,"username":"dibilidurak"}
8:32:01 PM [EXPRESS] serving on port 5000
8:32:01 PM [EXPRESS] 🎮 Фронтенд и Бекенд запущены на одном сервере
8:32:01 PM [EXPRESS] 📍 Доступ через localhost:
8:32:01 PM [EXPRESS]    [BACKEND] http://localhost:5000 (API)
8:32:01 PM [EXPRESS]    [FRONTEND] http://localhost:5000 (Web UI)
8:32:01 PM [EXPRESS] 📍 Доступ через локальную сеть:
8:32:01 PM [EXPRESS]    [BACKEND] http://192.168.9.194:5000 (API)
8:32:01 PM [EXPRESS]    [FRONTEND] http://192.168.9.194:5000 (Web UI)
8:32:31 PM [EXPRESS] GET /api/auth/me 401 in 2ms :: {"error":"Not authenticated"}
8:32:32 PM [EXPRESS] GET /api/auth/me 401 in 2ms :: {"error":"Not authenticated"}
8:32:54 PM [EXPRESS] POST /api/auth/login 401 in 9ms :: {"error":"Invalid credentials"}
8:33:03 PM [EXPRESS] POST /api/auth/register 201 in 250ms :: {"id":2,"username":"admin007"}
