
> rest-express@1.0.0 dev
> cross-env NODE_ENV=development tsx server/index.ts

[db] Database connection initialized

[ADMIN] ✓ Админский аккаунт уже существует:
[ADMIN]   📝 Имя пользователя: admin007
[ADMIN]   🔐 Пароль: Admin007
[ADMIN]   👤 ID: 1
[ADMIN]   📅 Создан: 2026-01-18 21:44:41
[routes] All routes registered successfully
[static] ⚠️ Frontend not found in any of: /home/onevochka/newarchCS/dist, /home/onevochka/newarchCS/server/dist, /home/onevochka/newarchCS/client/dist, /home/onevochka/newarchCS/public
[static] Skipping static file serving. Run 'npm run build' first.
node:events:497
      throw er; // Unhandled 'error' event
      ^

Error: listen EADDRINUSE: address already in use 0.0.0.0:5000
    at Server.setupListenHandle [as _listen2] (node:net:1940:16)
    at listenInCluster (node:net:1997:12)
    at node:net:2206:7
    at process.processTicksAndRejections (node:internal/process/task_queues:90:21)
Emitted 'error' event on Server instance at:
    at emitErrorNT (node:net:1976:8)
    at process.processTicksAndRejections (node:internal/process/task_queues:90:21) {
  code: 'EADDRINUSE',
  errno: -98,
  syscall: 'listen',
  address: '0.0.0.0',
  port: 5000
}

Node.js v22.22.0
